<?xml version="1.0" encoding="UTF-8"?>
<!-- Generated by org.testng.reporters.JUnitReportReporter -->
<testsuite skipped="0" hostname="LAPTOP-DCLGCRS4" name="dataDriven.excelDataProvider.DataProviderWithExcel" tests="3" failures="0" timestamp="2023-04-07T22:13:49 IST" time="0.006" errors="0">
  <testcase name="testData" time="0.001" classname="dataDriven.excelDataProvider.DataProviderWithExcel"/>
  <system-out/>
  <testcase name="testData" time="0.001" classname="dataDriven.excelDataProvider.DataProviderWithExcel"/>
  <system-out/>
  <testcase name="testData" time="0.004" classname="dataDriven.excelDataProvider.DataProviderWithExcel"/>
  <system-out/>
</testsuite> <!-- dataDriven.excelDataProvider.DataProviderWithExcel -->
